<?xml version="1.0" encoding="UTF-8"?>
<!-- Generated by org.testng.reporters.JUnitReportReporter -->
<testsuite hostname="mindc1d353" failures="0" tests="10" name="Runner.TestExecution" time="138.458" errors="0" timestamp="2022-05-21T17:00:27 IST" skipped="0">
  <testcase classname="Runner.TestExecution" name="loginApp" time="10.280"/>
  <system-out/>
  <testcase classname="Runner.TestExecution" name="sofaCart" time="9.971"/>
  <system-out/>
  <testcase classname="Runner.TestExecution" name="searchApp" time="14.376"/>
  <system-out/>
  <testcase classname="Runner.TestExecution" name="User" time="25.175"/>
  <system-out/>
  <testcase classname="Runner.TestExecution" name="giftCard" time="14.752"/>
  <system-out/>
  <testcase classname="Runner.TestExecution" name="study" time="11.312"/>
  <system-out/>
  <testcase classname="Runner.TestExecution" name="store" time="7.406"/>
  <system-out/>
  <testcase classname="Runner.TestExecution" name="headerElement" time="38.047"/>
  <system-out/>
  <testcase classname="Runner.TestExecution" name="more_info" time="0.914"/>
  <system-out/>
  <testcase classname="Runner.TestExecution" name="pri_policy" time="6.225"/>
  <system-out/>
</testsuite> <!-- Runner.TestExecution -->
